<?xml version="1.0" encoding="UTF-8"?>
<!-- Generated by org.testng.reporters.JUnitReportReporter -->
<testsuite hostname="LAPTOP-J5LK1J5I" failures="0" tests="2" name="com.crm.qa.TestCases.ContactsPageTest" time="71.921" errors="0" timestamp="2021-02-24T14:51:45 IST" skipped="0">
  <testcase classname="com.crm.qa.TestCases.ContactsPageTest" name="verifyCotactsPageLabel" time="24.122"/>
  <system-out/>
  <testcase classname="com.crm.qa.TestCases.ContactsPageTest" name="validateCreateNewContact" time="47.799"/>
  <system-out/>
</testsuite> <!-- com.crm.qa.TestCases.ContactsPageTest -->
