<?xml version="1.0" encoding="UTF-8"?>
<!-- Generated by org.testng.reporters.JUnitReportReporter -->
<testsuite hostname="LAPTOP-J5LK1J5I" failures="0" tests="3" name="com.crm.qa.TestCases.HomePageTest" time="67.790" errors="0" timestamp="2021-02-24T14:51:45 IST" skipped="0">
  <testcase classname="com.crm.qa.TestCases.HomePageTest" name="verifyusernameTest" time="14.624"/>
  <system-out/>
  <testcase classname="com.crm.qa.TestCases.HomePageTest" name="verifyHomePageTitleTest" time="25.542"/>
  <system-out/>
  <testcase classname="com.crm.qa.TestCases.HomePageTest" name="clickOnContactsLinkTest" time="27.624"/>
  <system-out/>
</testsuite> <!-- com.crm.qa.TestCases.HomePageTest -->
